# JRE version: 7.0_11-b21
# Java VM: Java HotSpot(TM) 64-Bit Server VM (23.6-b04 mixed mode windows-amd64 compressed oops)
Heap
 PSYoungGen      total 235264K, used 203915K [0x00000007d5eb0000, 0x00000007e7460000, 0x0000000800000000)
  eden space 203456K, 84% used [0x00000007d5eb0000,0x00000007e06c8840,0x00000007e2560000)
  from space 31808K, 99% used [0x00000007e5550000,0x00000007e745a758,0x00000007e7460000)
  to   space 40448K, 0% used [0x00000007e2560000,0x00000007e2560000,0x00000007e4ce0000)
 ParOldGen       total 86144K, used 52516K [0x0000000781c00000, 0x0000000787020000, 0x00000007d5eb0000)
  object space 86144K, 60% used [0x0000000781c00000,0x0000000784f49040,0x0000000787020000)
 PSPermGen       total 41408K, used 41266K [0x000000077ca00000, 0x000000077f270000, 0x0000000781c00000)
  object space 41408K, 99% used [0x000000077ca00000,0x000000077f24c860,0x000000077f270000)
GC Heap History (10 events):
Event: 14.316 GC heap before
{Heap before GC invocations=8 (full 0):
 PSYoungGen      total 138880K, used 137821K [0x00000007d5eb0000, 0x00000007e71b0000, 0x0000000800000000)
  eden space 123392K, 100% used [0x00000007d5eb0000,0x00000007dd730000,0x00000007dd730000)
  from space 15488K, 93% used [0x00000007dd730000,0x00000007de5475c0,0x00000007de650000)
  to   space 17408K, 0% used [0x00000007e60b0000,0x00000007e60b0000,0x00000007e71b0000)
 ParOldGen       total 86144K, used 19168K [0x0000000781c00000, 0x0000000787020000, 0x00000007d5eb0000)
  object space 86144K, 22% used [0x0000000781c00000,0x0000000782eb80a0,0x0000000787020000)
 PSPermGen       total 33536K, used 33351K [0x000000077ca00000, 0x000000077eac0000, 0x0000000781c00000)
  object space 33536K, 99% used [0x000000077ca00000,0x000000077ea91f28,0x000000077eac0000)
Event: 14.347 GC heap after
Heap after GC invocations=8 (full 0):
 PSYoungGen      total 260608K, used 17396K [0x00000007d5eb0000, 0x00000007e78b0000, 0x0000000800000000)
  eden space 243200K, 0% used [0x00000007d5eb0000,0x00000007d5eb0000,0x00000007e4c30000)
  from space 17408K, 99% used [0x00000007e60b0000,0x00000007e71ad360,0x00000007e71b0000)
  to   space 20992K, 0% used [0x00000007e4c30000,0x00000007e4c30000,0x00000007e60b0000)
 ParOldGen       total 86144K, used 21602K [0x0000000781c00000, 0x0000000787020000, 0x00000007d5eb0000)
  object space 86144K, 25% used [0x0000000781c00000,0x0000000783118b30,0x0000000787020000)
 PSPermGen       total 33536K, used 33351K [0x000000077ca00000, 0x000000077eac0000, 0x0000000781c00000)
  object space 33536K, 99% used [0x000000077ca00000,0x000000077ea91f28,0x000000077eac0000)
}
Event: 937.972 GC heap before
{Heap before GC invocations=9 (full 0):
 PSYoungGen      total 260608K, used 260596K [0x00000007d5eb0000, 0x00000007e78b0000, 0x0000000800000000)
  eden space 243200K, 100% used [0x00000007d5eb0000,0x00000007e4c30000,0x00000007e4c30000)
  from space 17408K, 99% used [0x00000007e60b0000,0x00000007e71ad360,0x00000007e71b0000)
  to   space 20992K, 0% used [0x00000007e4c30000,0x00000007e4c30000,0x00000007e60b0000)
 ParOldGen       total 86144K, used 21602K [0x0000000781c00000, 0x0000000787020000, 0x00000007d5eb0000)
  object space 86144K, 25% used [0x0000000781c00000,0x0000000783118b30,0x0000000787020000)
 PSPermGen       total 39872K, used 39861K [0x000000077ca00000, 0x000000077f0f0000, 0x0000000781c00000)
  object space 39872K, 99% used [0x000000077ca00000,0x000000077f0ed7d8,0x000000077f0f0000)
Event: 938.020 GC heap after
Heap after GC invocations=9 (full 0):
 PSYoungGen      total 253504K, used 20971K [0x00000007d5eb0000, 0x00000007e7b40000, 0x0000000800000000)
  eden space 232512K, 0% used [0x00000007d5eb0000,0x00000007d5eb0000,0x00000007e41c0000)
  from space 20992K, 99% used [0x00000007e4c30000,0x00000007e60aadd8,0x00000007e60b0000)
  to   space 27200K, 0% used [0x00000007e60b0000,0x00000007e60b0000,0x00000007e7b40000)
 ParOldGen       total 86144K, used 34947K [0x0000000781c00000, 0x0000000787020000, 0x00000007d5eb0000)
  object space 86144K, 40% used [0x0000000781c00000,0x0000000783e20d90,0x0000000787020000)
 PSPermGen       total 39872K, used 39861K [0x000000077ca00000, 0x000000077f0f0000, 0x0000000781c00000)
  object space 39872K, 99% used [0x000000077ca00000,0x000000077f0ed7d8,0x000000077f0f0000)
}
Event: 1951.345 GC heap before
{Heap before GC invocations=10 (full 0):
 PSYoungGen      total 253504K, used 253483K [0x00000007d5eb0000, 0x00000007e7b40000, 0x0000000800000000)
  eden space 232512K, 100% used [0x00000007d5eb0000,0x00000007e41c0000,0x00000007e41c0000)
  from space 20992K, 99% used [0x00000007e4c30000,0x00000007e60aadd8,0x00000007e60b0000)
  to   space 27200K, 0% used [0x00000007e60b0000,0x00000007e60b0000,0x00000007e7b40000)
 ParOldGen       total 86144K, used 34947K [0x0000000781c00000, 0x0000000787020000, 0x00000007d5eb0000)
  object space 86144K, 40% used [0x0000000781c00000,0x0000000783e20d90,0x0000000787020000)
 PSPermGen       total 40064K, used 40035K [0x000000077ca00000, 0x000000077f120000, 0x0000000781c00000)
  object space 40064K, 99% used [0x000000077ca00000,0x000000077f118cb8,0x000000077f120000)
Event: 1951.402 GC heap after
Heap after GC invocations=10 (full 0):
 PSYoungGen      total 240128K, used 17731K [0x00000007d5eb0000, 0x00000007e7210000, 0x0000000800000000)
  eden space 222336K, 0% used [0x00000007d5eb0000,0x00000007d5eb0000,0x00000007e37d0000)
  from space 17792K, 99% used [0x00000007e60b0000,0x00000007e7200f20,0x00000007e7210000)
  to   space 29440K, 0% used [0x00000007e3890000,0x00000007e3890000,0x00000007e5550000)
 ParOldGen       total 86144K, used 44797K [0x0000000781c00000, 0x0000000787020000, 0x00000007d5eb0000)
  object space 86144K, 52% used [0x0000000781c00000,0x00000007847bf400,0x0000000787020000)
 PSPermGen       total 40064K, used 40035K [0x000000077ca00000, 0x000000077f120000, 0x0000000781c00000)
  object space 40064K, 99% used [0x000000077ca00000,0x000000077f118cb8,0x000000077f120000)
}
Event: 4222.460 GC heap before
{Heap before GC invocations=11 (full 0):
 PSYoungGen      total 240128K, used 240067K [0x00000007d5eb0000, 0x00000007e7210000, 0x0000000800000000)
  eden space 222336K, 100% used [0x00000007d5eb0000,0x00000007e37d0000,0x00000007e37d0000)
  from space 17792K, 99% used [0x00000007e60b0000,0x00000007e7200f20,0x00000007e7210000)
  to   space 29440K, 0% used [0x00000007e3890000,0x00000007e3890000,0x00000007e5550000)
 ParOldGen       total 86144K, used 44797K [0x0000000781c00000, 0x0000000787020000, 0x00000007d5eb0000)
  object space 86144K, 52% used [0x0000000781c00000,0x00000007847bf400,0x0000000787020000)
 PSPermGen       total 40256K, used 40106K [0x000000077ca00000, 0x000000077f150000, 0x0000000781c00000)
  object space 40256K, 99% used [0x000000077ca00000,0x000000077f12a8d0,0x000000077f150000)
Event: 4222.548 GC heap after
Heap after GC invocations=11 (full 0):
 PSYoungGen      total 242112K, used 29416K [0x00000007d5eb0000, 0x00000007e7460000, 0x0000000800000000)
  eden space 212672K, 0% used [0x00000007d5eb0000,0x00000007d5eb0000,0x00000007e2e60000)
  from space 29440K, 99% used [0x00000007e3890000,0x00000007e554a240,0x00000007e5550000)
  to   space 31808K, 0% used [0x00000007e5550000,0x00000007e5550000,0x00000007e7460000)
 ParOldGen       total 86144K, used 50533K [0x0000000781c00000, 0x0000000787020000, 0x00000007d5eb0000)
  object space 86144K, 58% used [0x0000000781c00000,0x0000000784d594d8,0x0000000787020000)
 PSPermGen       total 40256K, used 40106K [0x000000077ca00000, 0x000000077f150000, 0x0000000781c00000)
  object space 40256K, 99% used [0x000000077ca00000,0x000000077f12a8d0,0x000000077f150000)
}
Event: 6631.743 GC heap before
{Heap before GC invocations=12 (full 0):
 PSYoungGen      total 242112K, used 242088K [0x00000007d5eb0000, 0x00000007e7460000, 0x0000000800000000)
  eden space 212672K, 100% used [0x00000007d5eb0000,0x00000007e2e60000,0x00000007e2e60000)
  from space 29440K, 99% used [0x00000007e3890000,0x00000007e554a240,0x00000007e5550000)
  to   space 31808K, 0% used [0x00000007e5550000,0x00000007e5550000,0x00000007e7460000)
 ParOldGen       total 86144K, used 50533K [0x0000000781c00000, 0x0000000787020000, 0x00000007d5eb0000)
  object space 86144K, 58% used [0x0000000781c00000,0x0000000784d594d8,0x0000000787020000)
 PSPermGen       total 40256K, used 40185K [0x000000077ca00000, 0x000000077f150000, 0x0000000781c00000)
  object space 40256K, 99% used [0x000000077ca00000,0x000000077f13e4a8,0x000000077f150000)
Event: 6631.796 GC heap after
Heap after GC invocations=12 (full 0):
 PSYoungGen      total 235264K, used 31785K [0x00000007d5eb0000, 0x00000007e7460000, 0x0000000800000000)
  eden space 203456K, 0% used [0x00000007d5eb0000,0x00000007d5eb0000,0x00000007e2560000)
  from space 31808K, 99% used [0x00000007e5550000,0x00000007e745a758,0x00000007e7460000)
  to   space 40448K, 0% used [0x00000007e2560000,0x00000007e2560000,0x00000007e4ce0000)
 ParOldGen       total 86144K, used 52516K [0x0000000781c00000, 0x0000000787020000, 0x00000007d5eb0000)
  object space 86144K, 60% used [0x0000000781c00000,0x0000000784f49040,0x0000000787020000)
 PSPermGen       total 40256K, used 40185K [0x000000077ca00000, 0x000000077f150000, 0x0000000781c00000)
  object space 40256K, 99% used [0x000000077ca00000,0x000000077f13e4a8,0x000000077f150000)
}

